<?xml version="1.0" encoding="utf-8"?><testsuites><testsuite name="pytest" errors="0" failures="1" skipped="0" tests="14" time="0.127" timestamp="2022-01-17T14:06:42.079937" hostname="DESKTOP-BLEP6BL"><testcase classname="test_bb.TestByteBuffer2" name="test_copy_range" file="test_bb.py" line="63" time="0.001"><failure message="AssertionError: b'3DU' != 2241348">self = &lt;test_bb.TestByteBuffer2 testMethod=test_copy_range&gt;

    def test_copy_range(self):
&gt;       self.assertEqual(self.bb2.copy_range(2,3), 0x223344)
E       AssertionError: b'3DU' != 2241348

test_bb.py:65: AssertionError</failure><system-out>--------------------------------- Captured Log ---------------------------------

--------------------------------- Captured Out ---------------------------------

</system-out><system-err>--------------------------------- Captured Err ---------------------------------

</system-err></testcase><testcase classname="test_bb.TestByteBuffer2" name="test_ctor" file="test_bb.py" line="12" time="0.001"><system-out>--------------------------------- Captured Log ---------------------------------

--------------------------------- Captured Out ---------------------------------

</system-out><system-err>--------------------------------- Captured Err ---------------------------------

</system-err></testcase><testcase classname="test_bb.TestByteBuffer2" name="test_get_bytes" file="test_bb.py" line="52" time="0.000"><system-out>--------------------------------- Captured Log ---------------------------------

--------------------------------- Captured Out ---------------------------------

</system-out><system-err>--------------------------------- Captured Err ---------------------------------

</system-err></testcase><testcase classname="test_bb.TestByteBuffer2" name="test_get_uintn_be" file="test_bb.py" line="59" time="0.000"><system-out>--------------------------------- Captured Log ---------------------------------

--------------------------------- Captured Out ---------------------------------

</system-out><system-err>--------------------------------- Captured Err ---------------------------------

</system-err></testcase><testcase classname="test_bb.TestByteBuffer2" name="test_leading_byte" file="test_bb.py" line="55" time="0.001"><system-out>--------------------------------- Captured Log ---------------------------------

--------------------------------- Captured Out ---------------------------------

</system-out><system-err>--------------------------------- Captured Err ---------------------------------

</system-err></testcase><testcase classname="test_bb.TestByteBuffer2" name="test_skip" file="test_bb.py" line="48" time="0.000"><system-out>--------------------------------- Captured Log ---------------------------------

--------------------------------- Captured Out ---------------------------------

</system-out><system-err>--------------------------------- Captured Err ---------------------------------

</system-err></testcase><testcase classname="test_bb.TestByteBuffer2" name="test_uint2_be" file="test_bb.py" line="16" time="0.000"><system-out>--------------------------------- Captured Log ---------------------------------

--------------------------------- Captured Out ---------------------------------

</system-out><system-err>--------------------------------- Captured Err ---------------------------------

</system-err></testcase><testcase classname="test_bb.TestByteBuffer2" name="test_uint2_le" file="test_bb.py" line="20" time="0.000"><system-out>--------------------------------- Captured Log ---------------------------------

--------------------------------- Captured Out ---------------------------------

</system-out><system-err>--------------------------------- Captured Err ---------------------------------

</system-err></testcase><testcase classname="test_bb.TestByteBuffer2" name="test_uint4_be" file="test_bb.py" line="24" time="0.000"><system-out>--------------------------------- Captured Log ---------------------------------

--------------------------------- Captured Out ---------------------------------

</system-out><system-err>--------------------------------- Captured Err ---------------------------------

</system-err></testcase><testcase classname="test_bb.TestByteBuffer2" name="test_uint4_le" file="test_bb.py" line="28" time="0.000"><system-out>--------------------------------- Captured Log ---------------------------------

--------------------------------- Captured Out ---------------------------------

</system-out><system-err>--------------------------------- Captured Err ---------------------------------

</system-err></testcase><testcase classname="test_bb.TestByteBuffer2" name="test_uint5_be" file="test_bb.py" line="32" time="0.000"><system-out>--------------------------------- Captured Log ---------------------------------

--------------------------------- Captured Out ---------------------------------

</system-out><system-err>--------------------------------- Captured Err ---------------------------------

</system-err></testcase><testcase classname="test_bb.TestByteBuffer2" name="test_uint5_le" file="test_bb.py" line="36" time="0.000"><system-out>--------------------------------- Captured Log ---------------------------------

--------------------------------- Captured Out ---------------------------------

</system-out><system-err>--------------------------------- Captured Err ---------------------------------

</system-err></testcase><testcase classname="test_bb.TestByteBuffer2" name="test_uint8_be" file="test_bb.py" line="40" time="0.000"><system-out>--------------------------------- Captured Log ---------------------------------

--------------------------------- Captured Out ---------------------------------

</system-out><system-err>--------------------------------- Captured Err ---------------------------------

</system-err></testcase><testcase classname="test_bb.TestByteBuffer2" name="test_uint8_le" file="test_bb.py" line="44" time="0.001"><system-out>--------------------------------- Captured Log ---------------------------------

--------------------------------- Captured Out ---------------------------------

</system-out><system-err>--------------------------------- Captured Err ---------------------------------

</system-err></testcase></testsuite></testsuites>