<?xml version="1.0" encoding="utf-8"?><testsuites><testsuite name="pytest" errors="0" failures="0" skipped="0" tests="1" time="0.055" timestamp="2022-01-17T14:09:39.342403" hostname="DESKTOP-BLEP6BL"><testcase classname="test_bb.TestByteBuffer2" name="test_reset" file="test_bb.py" line="66" time="0.001"><system-out>--------------------------------- Captured Log ---------------------------------

--------------------------------- Captured Out ---------------------------------

</system-out><system-err>--------------------------------- Captured Err ---------------------------------

</system-err></testcase></testsuite></testsuites>