<?xml version="1.0" encoding="utf-8"?><testsuites><testsuite name="pytest" errors="0" failures="0" skipped="0" tests="1" time="0.054" timestamp="2022-01-17T11:44:55.537575" hostname="DESKTOP-BLEP6BL"><testcase classname="test_bb.TestByteBuffer2" name="test_leading_byte" file="test_bb.py" line="47" time="0.001"><system-out>--------------------------------- Captured Log ---------------------------------

--------------------------------- Captured Out ---------------------------------
0

</system-out><system-err>--------------------------------- Captured Err ---------------------------------

</system-err></testcase></testsuite></testsuites>