<?xml version="1.0" encoding="utf-8"?><testsuites><testsuite name="pytest" errors="0" failures="1" skipped="0" tests="11" time="0.119" timestamp="2022-01-17T11:52:22.397956" hostname="DESKTOP-BLEP6BL"><testcase classname="test_bb.TestByteBuffer2" name="test_ctor" file="test_bb.py" line="12" time="0.001"><system-out>--------------------------------- Captured Log ---------------------------------

--------------------------------- Captured Out ---------------------------------

</system-out><system-err>--------------------------------- Captured Err ---------------------------------

</system-err></testcase><testcase classname="test_bb.TestByteBuffer2" name="test_get_bytes" file="test_bb.py" line="44" time="0.001"><system-out>--------------------------------- Captured Log ---------------------------------

--------------------------------- Captured Out ---------------------------------

</system-out><system-err>--------------------------------- Captured Err ---------------------------------

</system-err></testcase><testcase classname="test_bb.TestByteBuffer2" name="test_get_uintn_be" file="test_bb.py" line="51" time="0.001"><failure message="AttributeError: 'ByteBuffer2' object has no attribute 'getuintn_be'">self = &lt;test_bb.TestByteBuffer2 testMethod=test_get_uintn_be&gt;

    def test_get_uintn_be(self):
&gt;       self.assertEqual(self.bb2.getuintn_be(6), 0x112233445566)
E       AttributeError: 'ByteBuffer2' object has no attribute 'getuintn_be'

test_bb.py:53: AttributeError</failure><system-out>--------------------------------- Captured Log ---------------------------------

--------------------------------- Captured Out ---------------------------------

</system-out><system-err>--------------------------------- Captured Err ---------------------------------

</system-err></testcase><testcase classname="test_bb.TestByteBuffer2" name="test_leading_byte" file="test_bb.py" line="47" time="0.001"><system-out>--------------------------------- Captured Log ---------------------------------

--------------------------------- Captured Out ---------------------------------

</system-out><system-err>--------------------------------- Captured Err ---------------------------------

</system-err></testcase><testcase classname="test_bb.TestByteBuffer2" name="test_skip" file="test_bb.py" line="40" time="0.000"><system-out>--------------------------------- Captured Log ---------------------------------

--------------------------------- Captured Out ---------------------------------

</system-out><system-err>--------------------------------- Captured Err ---------------------------------

</system-err></testcase><testcase classname="test_bb.TestByteBuffer2" name="test_uint2_be" file="test_bb.py" line="16" time="0.000"><system-out>--------------------------------- Captured Log ---------------------------------

--------------------------------- Captured Out ---------------------------------

</system-out><system-err>--------------------------------- Captured Err ---------------------------------

</system-err></testcase><testcase classname="test_bb.TestByteBuffer2" name="test_uint2_le" file="test_bb.py" line="20" time="0.000"><system-out>--------------------------------- Captured Log ---------------------------------

--------------------------------- Captured Out ---------------------------------

</system-out><system-err>--------------------------------- Captured Err ---------------------------------

</system-err></testcase><testcase classname="test_bb.TestByteBuffer2" name="test_uint4_be" file="test_bb.py" line="24" time="0.000"><system-out>--------------------------------- Captured Log ---------------------------------

--------------------------------- Captured Out ---------------------------------

</system-out><system-err>--------------------------------- Captured Err ---------------------------------

</system-err></testcase><testcase classname="test_bb.TestByteBuffer2" name="test_uint4_le" file="test_bb.py" line="28" time="0.000"><system-out>--------------------------------- Captured Log ---------------------------------

--------------------------------- Captured Out ---------------------------------

</system-out><system-err>--------------------------------- Captured Err ---------------------------------

</system-err></testcase><testcase classname="test_bb.TestByteBuffer2" name="test_uint5_be" file="test_bb.py" line="32" time="0.000"><system-out>--------------------------------- Captured Log ---------------------------------

--------------------------------- Captured Out ---------------------------------

</system-out><system-err>--------------------------------- Captured Err ---------------------------------

</system-err></testcase><testcase classname="test_bb.TestByteBuffer2" name="test_uint5_le" file="test_bb.py" line="36" time="0.001"><system-out>--------------------------------- Captured Log ---------------------------------

--------------------------------- Captured Out ---------------------------------

</system-out><system-err>--------------------------------- Captured Err ---------------------------------

</system-err></testcase></testsuite></testsuites>